<?xml version="1.0" encoding="utf-8"?><testsuites name="pytest tests"><testsuite name="pytest" errors="0" failures="0" skipped="0" tests="7" time="1.858" timestamp="2026-09-10T10:48:27.309371+00:00" hostname="agent-env-a1cfc25a-210e-49bc-8445-13e630bc89ce"><testcase classname="tests.test_iter4" name="test_total_count_378" time="0.237" /><testcase classname="tests.test_iter4" name="test_every_item_has_source" time="0.084" /><testcase classname="tests.test_iter4" name="test_disambiguation_glucose_and_potassium" time="0.082" /><testcase classname="tests.test_iter4" name="test_single_source_names_not_suffixed" time="0.083" /><testcase classname="tests.test_iter4" name="test_unique_slugs" time="0.083" /><testcase classname="tests.test_iter4" name="test_import_sodium_creates_imported_variant_and_cleanup" time="0.382" /><testcase classname="tests.test_iter4" name="test_records_regression_sigma_419" time="0.362" /></testsuite></testsuites>