<?xml version="1.0" encoding="utf-8"?><testsuites name="pytest tests"><testsuite name="pytest" errors="0" failures="0" skipped="0" tests="34" time="11.502" timestamp="2026-09-10T12:33:43.694286+00:00" hostname="agent-env-a1cfc25a-210e-49bc-8445-13e630bc89ce"><testcase classname="tests.test_bulk_delete" name="test_a_seed_baseline" time="0.342" /><testcase classname="tests.test_bulk_delete" name="test_b_delete_by_analyte" time="0.241" /><testcase classname="tests.test_bulk_delete" name="test_c_delete_by_instrument_and_analyte" time="0.172" /><testcase classname="tests.test_bulk_delete" name="test_d_delete_all_no_params" time="0.176" /><testcase classname="tests.test_bulk_delete" name="test_e_no_reseed_on_restart" time="4.450" /><testcase classname="tests.test_bulk_delete" name="test_f_seed_endpoint_repopulates" time="0.157" /><testcase classname="tests.test_bulk_delete" name="test_g_seed_idempotent" time="0.196" /><testcase classname="tests.test_bulk_delete" name="test_h_single_delete_still_works" time="0.523" /><testcase classname="tests.test_bulk_delete" name="test_i_final_baseline" time="0.157" /><testcase classname="tests.test_backend" name="test_analytes_list" time="6.664" /><testcase classname="tests.test_backend" name="test_analyte_specs_structure_and_tibc_math" time="0.091" /><testcase classname="tests.test_backend" name="test_peer_sigma_range" time="0.099" /><testcase classname="tests.test_backend" name="test_records_seeded" time="0.070" /><testcase classname="tests.test_backend" name="test_create_record_computes_sigma_qgi" time="0.143" /><testcase classname="tests.test_backend" name="test_update_record" time="0.070" /><testcase classname="tests.test_backend" name="test_update_unknown_404" time="0.069" /><testcase classname="tests.test_backend" name="test_delete_record" time="0.138" /><testcase classname="tests.test_backend" name="test_filter_records" time="0.211" /><testcase classname="tests.test_iter3" name="test_analyte_count_378" time="1.382" /><testcase classname="tests.test_iter3" name="test_categories_are_clinical_panels" time="0.109" /><testcase classname="tests.test_iter3" name="test_enrichment_at_least_100_detailed" time="0.095" /><testcase classname="tests.test_iter3" name="test_spot_enriched_analytes" time="0.107" /><testcase classname="tests.test_iter3" name="test_csv_import_auto_detect_with_cvi_cvg" time="0.262" /><testcase classname="tests.test_iter3" name="test_csv_positional_import" time="0.254" /><testcase classname="tests.test_iter3" name="test_xlsx_import" time="0.586" /><testcase classname="tests.test_iter3" name="test_delete_returns_to_378" time="0.178" /><testcase classname="tests.test_iter3" name="test_calculator_regression" time="0.232" /><testcase classname="tests.test_iter4" name="test_total_count_378" time="2.320" /><testcase classname="tests.test_iter4" name="test_every_item_has_source" time="0.096" /><testcase classname="tests.test_iter4" name="test_disambiguation_glucose_and_potassium" time="0.094" /><testcase classname="tests.test_iter4" name="test_single_source_names_not_suffixed" time="0.093" /><testcase classname="tests.test_iter4" name="test_unique_slugs" time="0.101" /><testcase classname="tests.test_iter4" name="test_import_sodium_creates_imported_variant_and_cleanup" time="0.334" /><testcase classname="tests.test_iter4" name="test_records_regression_sigma_419" time="0.364" /></testsuite></testsuites>