<?xml version="1.0" encoding="utf-8"?><testsuites name="pytest tests"><testsuite name="pytest" errors="0" failures="0" skipped="0" tests="18" time="3.006" timestamp="2026-09-10T10:31:32.067693+00:00" hostname="agent-env-a1cfc25a-210e-49bc-8445-13e630bc89ce"><testcase classname="tests.test_backend" name="test_analytes_list" time="0.186" /><testcase classname="tests.test_backend" name="test_analyte_specs_structure_and_tibc_math" time="0.090" /><testcase classname="tests.test_backend" name="test_peer_sigma_range" time="0.091" /><testcase classname="tests.test_backend" name="test_records_seeded" time="0.071" /><testcase classname="tests.test_backend" name="test_create_record_computes_sigma_qgi" time="0.142" /><testcase classname="tests.test_backend" name="test_update_record" time="0.073" /><testcase classname="tests.test_backend" name="test_update_unknown_404" time="0.075" /><testcase classname="tests.test_backend" name="test_delete_record" time="0.142" /><testcase classname="tests.test_backend" name="test_filter_records" time="0.217" /><testcase classname="tests.test_iter3" name="test_analyte_count_378" time="0.222" /><testcase classname="tests.test_iter3" name="test_categories_are_clinical_panels" time="0.080" /><testcase classname="tests.test_iter3" name="test_enrichment_at_least_100_detailed" time="0.127" /><testcase classname="tests.test_iter3" name="test_spot_enriched_analytes" time="0.093" /><testcase classname="tests.test_iter3" name="test_csv_import_auto_detect_with_cvi_cvg" time="0.211" /><testcase classname="tests.test_iter3" name="test_csv_positional_import" time="0.234" /><testcase classname="tests.test_iter3" name="test_xlsx_import" time="0.536" /><testcase classname="tests.test_iter3" name="test_delete_returns_to_378" time="0.141" /><testcase classname="tests.test_iter3" name="test_calculator_regression" time="0.200" /></testsuite></testsuites>