<?xml version="1.0" encoding="utf-8"?><testsuites name="pytest tests"><testsuite name="pytest" errors="0" failures="0" skipped="0" tests="9" time="1.763" timestamp="2026-09-10T09:59:47.924484+00:00" hostname="agent-env-a1cfc25a-210e-49bc-8445-13e630bc89ce"><testcase classname="tests.test_backend" name="test_analytes_list" time="0.277" /><testcase classname="tests.test_backend" name="test_analyte_specs_structure_and_tibc_math" time="0.084" /><testcase classname="tests.test_backend" name="test_peer_sigma_range" time="0.080" /><testcase classname="tests.test_backend" name="test_records_seeded" time="0.081" /><testcase classname="tests.test_backend" name="test_create_record_computes_sigma_qgi" time="0.159" /><testcase classname="tests.test_backend" name="test_update_record" time="0.082" /><testcase classname="tests.test_backend" name="test_update_unknown_404" time="0.078" /><testcase classname="tests.test_backend" name="test_delete_record" time="0.157" /><testcase classname="tests.test_backend" name="test_filter_records" time="0.233" /></testsuite></testsuites>