<?xml version="1.0" encoding="utf-8"?><testsuites name="pytest tests"><testsuite name="pytest" errors="0" failures="0" skipped="0" tests="7" time="1.434" timestamp="2026-09-10T09:43:25.306007+00:00" hostname="agent-env-a1cfc25a-210e-49bc-8445-13e630bc89ce"><testcase classname="tests.test_backend" name="test_analytes_list" time="0.236" /><testcase classname="tests.test_backend" name="test_records_seeded" time="0.073" /><testcase classname="tests.test_backend" name="test_create_record_computes_sigma_qgi" time="0.140" /><testcase classname="tests.test_backend" name="test_update_record" time="0.071" /><testcase classname="tests.test_backend" name="test_update_unknown_404" time="0.068" /><testcase classname="tests.test_backend" name="test_delete_record" time="0.135" /><testcase classname="tests.test_backend" name="test_filter_records" time="0.210" /></testsuite></testsuites>